2025-10-24 13:59:49,107 - INFO - Inicio de procesamiento en carpeta base: C:/Users/dsaldiasn/Desktop/Negocios/Fuente de Datos/2_BFCL
2025-10-24 13:59:49,858 - INFO - Carpetas de meses encontradas: ['042025', '052025', '062025', '072025', '082025', '092025', '102025', '112025', '122025']
2025-10-24 13:59:49,865 - INFO - [DEBUG] Inicio procesamiento mes 042025 (1/9)
2025-10-24 14:00:02,717 - INFO - No se pudo leer como tabla FD_matrix_DRDI.del: Formato no soportado: C:\Users\dsaldiasn\Desktop\cmf_temp\042025_20251024_135949\extract_20251024_135949_29873\FD_matrix_DRDI.del
2025-10-24 14:00:02,718 - INFO - No se pudo leer como tabla FD_matrix_DRDI.del: Formato no soportado: C:\Users\dsaldiasn\Desktop\cmf_temp\042025_20251024_135949\extract_20251024_135949_29873\FD_matrix_DRDI.del
2025-10-24 14:00:02,723 - INFO - [DEBUG] Fin procesamiento mes 042025 (1/9)
2025-10-24 14:00:03,078 - INFO - Guardado resumen mensual en C:/Users/dsaldiasn/Desktop/Negocios/Fuente de Datos/2_BFCL\042025\resumen_generado\resumen_042025.xlsx y C:/Users/dsaldiasn/Desktop/Negocios/Fuente de Datos/2_BFCL\042025\resumen_generado\resumen_042025.csv
2025-10-24 14:00:03,361 - INFO - [DEBUG] Inicio procesamiento mes 052025 (2/9)
2025-10-24 14:01:33,239 - INFO - No se pudo leer como tabla 202506_Comité Riesgo de Crédito.pdf: Formato no soportado: C:/Users/dsaldiasn/Desktop/Negocios/Fuente de Datos/2_BFCL\052025\202506_Comité Riesgo de Crédito.pdf
2025-10-24 14:01:33,239 - INFO - No se pudo leer como tabla 202506_Comité Riesgo de Crédito.pdf: Formato no soportado: C:/Users/dsaldiasn/Desktop/Negocios/Fuente de Datos/2_BFCL\052025\202506_Comité Riesgo de Crédito.pdf
2025-10-24 14:01:33,239 - INFO - No se pudo leer como tabla articles-29212_doc_pdf.pdf: Formato no soportado: C:/Users/dsaldiasn/Desktop/Negocios/Fuente de Datos/2_BFCL\052025\articles-29212_doc_pdf.pdf
2025-10-24 14:01:33,239 - INFO - No se pudo leer como tabla articles-29212_doc_pdf.pdf: Formato no soportado: C:/Users/dsaldiasn/Desktop/Negocios/Fuente de Datos/2_BFCL\052025\articles-29212_doc_pdf.pdf
2025-10-24 14:01:45,788 - INFO - No se pudo leer como tabla C062_mayL2.txt: No se pudo leer CSV/TXT C:/Users/dsaldiasn/Desktop/Negocios/Fuente de Datos/2_BFCL\052025\C062_mayL2.txt
2025-10-24 14:01:45,810 - INFO - No se pudo leer como tabla C062_mayL2.txt: No se pudo leer CSV/TXT C:/Users/dsaldiasn/Desktop/Negocios/Fuente de Datos/2_BFCL\052025\C062_mayL2.txt
2025-10-24 14:01:45,840 - INFO - No se pudo leer como tabla C062_mayL2_1.txt: No se pudo leer CSV/TXT C:/Users/dsaldiasn/Desktop/Negocios/Fuente de Datos/2_BFCL\052025\C062_mayL2_1.txt
2025-10-24 14:01:45,864 - INFO - No se pudo leer como tabla C062_mayL2_1.txt: No se pudo leer CSV/TXT C:/Users/dsaldiasn/Desktop/Negocios/Fuente de Datos/2_BFCL\052025\C062_mayL2_1.txt
2025-10-24 14:01:45,918 - INFO - No se pudo leer como tabla C090_mayL2.txt: No se pudo leer CSV/TXT C:/Users/dsaldiasn/Desktop/Negocios/Fuente de Datos/2_BFCL\052025\C090_mayL2.txt
2025-10-24 14:01:45,962 - INFO - No se pudo leer como tabla C090_mayL2.txt: No se pudo leer CSV/TXT C:/Users/dsaldiasn/Desktop/Negocios/Fuente de Datos/2_BFCL\052025\C090_mayL2.txt
2025-10-24 14:01:46,014 - INFO - No se pudo leer como tabla C090_mayL2_1.txt: No se pudo leer CSV/TXT C:/Users/dsaldiasn/Desktop/Negocios/Fuente de Datos/2_BFCL\052025\C090_mayL2_1.txt
2025-10-24 14:01:46,059 - INFO - No se pudo leer como tabla C090_mayL2_1.txt: No se pudo leer CSV/TXT C:/Users/dsaldiasn/Desktop/Negocios/Fuente de Datos/2_BFCL\052025\C090_mayL2_1.txt
2025-10-24 14:01:46,087 - INFO - No se pudo leer como tabla C091_mayL2.txt: No se pudo leer CSV/TXT C:/Users/dsaldiasn/Desktop/Negocios/Fuente de Datos/2_BFCL\052025\C091_mayL2.txt
2025-10-24 14:01:46,106 - INFO - No se pudo leer como tabla C091_mayL2.txt: No se pudo leer CSV/TXT C:/Users/dsaldiasn/Desktop/Negocios/Fuente de Datos/2_BFCL\052025\C091_mayL2.txt
2025-10-24 14:01:46,132 - INFO - No se pudo leer como tabla C091_mayL2_1.txt: No se pudo leer CSV/TXT C:/Users/dsaldiasn/Desktop/Negocios/Fuente de Datos/2_BFCL\052025\C091_mayL2_1.txt
2025-10-24 14:01:46,152 - INFO - No se pudo leer como tabla C091_mayL2_1.txt: No se pudo leer CSV/TXT C:/Users/dsaldiasn/Desktop/Negocios/Fuente de Datos/2_BFCL\052025\C091_mayL2_1.txt
2025-10-28 10:18:19,891 - INFO - Inicio de procesamiento en carpeta base: C:/Users/dsaldiasn/Desktop/Negocios/Fuente de Datos/1_ABCCO
2025-10-28 10:18:20,935 - INFO - Carpetas de meses encontradas: ['052025', '062025', '072025', '082025', '092025', '102025', '112025', '122025']
2025-10-28 10:18:20,946 - INFO - [DEBUG] Inicio procesamiento mes 052025 (1/8)
2025-10-28 10:18:25,976 - INFO - [DEBUG] Fin procesamiento mes 052025 (1/8)
2025-10-28 10:18:26,324 - INFO - Guardado resumen mensual en C:/Users/dsaldiasn/Desktop/Negocios/Fuente de Datos/1_ABCCO\052025\resumen_generado\resumen_052025.xlsx y C:/Users/dsaldiasn/Desktop/Negocios/Fuente de Datos/1_ABCCO\052025\resumen_generado\resumen_052025.csv
2025-10-28 10:18:26,347 - INFO - Guardado detalle nulos en C:/Users/dsaldiasn/Desktop/Negocios/Fuente de Datos/1_ABCCO\052025\resumen_generado\detalle_nulos.csv
2025-10-28 10:18:26,357 - INFO - [DEBUG] Inicio procesamiento mes 062025 (2/8)
2025-10-28 10:18:30,750 - INFO - [DEBUG] Fin procesamiento mes 062025 (2/8)
2025-10-28 10:18:31,146 - INFO - Guardado resumen mensual en C:/Users/dsaldiasn/Desktop/Negocios/Fuente de Datos/1_ABCCO\062025\resumen_generado\resumen_062025.xlsx y C:/Users/dsaldiasn/Desktop/Negocios/Fuente de Datos/1_ABCCO\062025\resumen_generado\resumen_062025.csv
2025-10-28 10:18:31,182 - INFO - Guardado detalle nulos en C:/Users/dsaldiasn/Desktop/Negocios/Fuente de Datos/1_ABCCO\062025\resumen_generado\detalle_nulos.csv
2025-10-28 10:18:31,199 - INFO - [DEBUG] Inicio procesamiento mes 072025 (3/8)
2025-10-28 10:18:35,675 - INFO - [DEBUG] Fin procesamiento mes 072025 (3/8)
2025-10-28 10:18:36,078 - INFO - Guardado resumen mensual en C:/Users/dsaldiasn/Desktop/Negocios/Fuente de Datos/1_ABCCO\072025\resumen_generado\resumen_072025.xlsx y C:/Users/dsaldiasn/Desktop/Negocios/Fuente de Datos/1_ABCCO\072025\resumen_generado\resumen_072025.csv
2025-10-28 10:18:36,102 - INFO - Guardado detalle nulos en C:/Users/dsaldiasn/Desktop/Negocios/Fuente de Datos/1_ABCCO\072025\resumen_generado\detalle_nulos.csv
2025-10-28 10:18:36,112 - INFO - [DEBUG] Inicio procesamiento mes 082025 (4/8)
2025-10-28 10:18:36,120 - INFO - [DEBUG] Inicio procesamiento mes 092025 (5/8)
2025-10-28 10:18:36,135 - INFO - [DEBUG] Inicio procesamiento mes 102025 (6/8)
2025-10-28 10:18:36,146 - INFO - [DEBUG] Inicio procesamiento mes 112025 (7/8)
2025-10-28 10:18:36,154 - INFO - [DEBUG] Inicio procesamiento mes 122025 (8/8)
2025-10-28 10:18:36,627 - INFO - Guardado histórico completo en C:/Users/dsaldiasn/Desktop/Negocios/Fuente de Datos/1_ABCCO\historico_completo.xlsx y C:/Users/dsaldiasn/Desktop/Negocios/Fuente de Datos/1_ABCCO\historico_completo.csv
2025-10-28 10:18:36,634 - INFO - Carpeta temporal C:\Users\dsaldiasn\Desktop\cmf_temp eliminada correctamente
2025-10-28 10:18:36,635 - INFO - Proceso finalizado.
2025-10-28 10:41:05,935 - INFO - Inicio de procesamiento en carpeta base: C:/Users/dsaldiasn/Desktop/Negocios/Fuente de Datos/1_ABCCO
2025-10-28 10:41:06,347 - INFO - Carpetas de meses encontradas: ['052025', '062025', '072025', '082025', '092025', '102025', '112025', '122024', '122025']
2025-10-28 10:41:06,350 - INFO - [DEBUG] Inicio procesamiento mes 052025 (1/9)
2025-10-28 10:41:08,223 - INFO - [DEBUG] Fin procesamiento mes 052025 (1/9)
2025-10-28 10:41:08,395 - INFO - Guardado resumen mensual en C:/Users/dsaldiasn/Desktop/Negocios/Fuente de Datos/1_ABCCO\052025\resumen_generado\resumen_052025.xlsx y C:/Users/dsaldiasn/Desktop/Negocios/Fuente de Datos/1_ABCCO\052025\resumen_generado\resumen_052025.csv
2025-10-28 10:41:08,408 - INFO - Guardado detalle nulos en C:/Users/dsaldiasn/Desktop/Negocios/Fuente de Datos/1_ABCCO\052025\resumen_generado\detalle_nulos.csv
2025-10-28 10:41:08,412 - INFO - [DEBUG] Inicio procesamiento mes 062025 (2/9)
2025-10-28 10:41:09,942 - INFO - [DEBUG] Fin procesamiento mes 062025 (2/9)
2025-10-28 10:41:10,105 - INFO - Guardado resumen mensual en C:/Users/dsaldiasn/Desktop/Negocios/Fuente de Datos/1_ABCCO\062025\resumen_generado\resumen_062025.xlsx y C:/Users/dsaldiasn/Desktop/Negocios/Fuente de Datos/1_ABCCO\062025\resumen_generado\resumen_062025.csv
2025-10-28 10:41:10,117 - INFO - Guardado detalle nulos en C:/Users/dsaldiasn/Desktop/Negocios/Fuente de Datos/1_ABCCO\062025\resumen_generado\detalle_nulos.csv
2025-10-28 10:41:10,123 - INFO - [DEBUG] Inicio procesamiento mes 072025 (3/9)
2025-10-28 10:41:11,643 - INFO - [DEBUG] Fin procesamiento mes 072025 (3/9)
2025-10-28 10:41:11,793 - INFO - Guardado resumen mensual en C:/Users/dsaldiasn/Desktop/Negocios/Fuente de Datos/1_ABCCO\072025\resumen_generado\resumen_072025.xlsx y C:/Users/dsaldiasn/Desktop/Negocios/Fuente de Datos/1_ABCCO\072025\resumen_generado\resumen_072025.csv
2025-10-28 10:41:11,804 - INFO - Guardado detalle nulos en C:/Users/dsaldiasn/Desktop/Negocios/Fuente de Datos/1_ABCCO\072025\resumen_generado\detalle_nulos.csv
2025-10-28 10:41:11,812 - INFO - [DEBUG] Inicio procesamiento mes 082025 (4/9)
2025-10-28 10:41:11,818 - INFO - [DEBUG] Inicio procesamiento mes 092025 (5/9)
2025-10-28 10:41:11,827 - INFO - [DEBUG] Inicio procesamiento mes 102025 (6/9)
2025-10-28 10:41:11,838 - INFO - [DEBUG] Inicio procesamiento mes 112025 (7/9)
2025-10-28 10:41:11,845 - INFO - [DEBUG] Inicio procesamiento mes 122024 (8/9)
2025-10-28 10:41:11,850 - INFO - [DEBUG] Inicio procesamiento mes 122025 (9/9)
2025-10-28 10:41:12,000 - INFO - Guardado histórico completo en C:/Users/dsaldiasn/Desktop/Negocios/Fuente de Datos/1_ABCCO\historico_completo.xlsx y C:/Users/dsaldiasn/Desktop/Negocios/Fuente de Datos/1_ABCCO\historico_completo.csv
2025-10-28 10:41:12,003 - INFO - Carpeta temporal C:\Users\dsaldiasn\Desktop\cmf_temp eliminada correctamente
2025-10-28 10:41:12,003 - INFO - Proceso finalizado.
